community/build/intermediates/manifest_merge_blame_file/debug/manifest-merger-blame-debug-report.txt
1<?xml version="1.0" encoding="utf-8"?>
2<manifest xmlns:android="http://schemas.android.com/apk/res/android"
3    xmlns:tools="http://schemas.android.com/tools"
4    package="com.ekoapp.ekosdk.uikit.community"
5    android:versionCode="1"
6    android:versionName="1.0" >
7
8    <uses-sdk
9        android:minSdkVersion="21"
9-->src/main/AndroidManifest.xml
10        android:targetSdkVersion="30" />
10-->src/main/AndroidManifest.xml
11
12    <application
12-->src/main/AndroidManifest.xml:6:5-95:19
13        android:requestLegacyExternalStorage="true"
13-->src/main/AndroidManifest.xml:7:9-52
14        tools:targetApi="q" >
14-->src/main/AndroidManifest.xml:8:9-28
15        <activity
15-->src/main/AndroidManifest.xml:9:9-11:55
16            android:name="com.ekoapp.ekosdk.uikit.community.notificationsettings.pushDetail.EkoPushSettingsDetailActivity"
16-->src/main/AndroidManifest.xml:9:19-96
17            android:screenOrientation="portrait"
17-->src/main/AndroidManifest.xml:10:13-49
18            android:theme="@style/Base.Theme.EkoApp" />
18-->src/main/AndroidManifest.xml:11:13-53
19        <activity
19-->src/main/AndroidManifest.xml:12:9-14:55
20            android:name="com.ekoapp.ekosdk.uikit.community.notificationsettings.EkoPushNotificationsSettingsActivity"
20-->src/main/AndroidManifest.xml:12:19-92
21            android:screenOrientation="portrait"
21-->src/main/AndroidManifest.xml:13:13-49
22            android:theme="@style/Base.Theme.EkoApp" />
22-->src/main/AndroidManifest.xml:14:13-53
23        <activity
23-->src/main/AndroidManifest.xml:15:9-18:56
24            android:name="com.ekoapp.ekosdk.uikit.community.newsfeed.activity.EkoMyFeedActivity"
24-->src/main/AndroidManifest.xml:16:13-64
25            android:screenOrientation="portrait"
25-->src/main/AndroidManifest.xml:17:13-49
26            android:theme="@style/Base.Theme.EkoApp" />
26-->src/main/AndroidManifest.xml:18:13-53
27        <activity
27-->src/main/AndroidManifest.xml:19:9-22:56
28            android:name="com.ekoapp.ekosdk.uikit.community.newsfeed.activity.EkoEditPostActivity"
28-->src/main/AndroidManifest.xml:20:13-66
29            android:screenOrientation="portrait"
29-->src/main/AndroidManifest.xml:21:13-49
30            android:theme="@style/Base.Theme.EkoApp" />
30-->src/main/AndroidManifest.xml:22:13-53
31        <activity
31-->src/main/AndroidManifest.xml:23:9-26:56
32            android:name="com.ekoapp.ekosdk.uikit.community.edit.EkoCommunityProfileActivity"
32-->src/main/AndroidManifest.xml:24:13-61
33            android:screenOrientation="portrait"
33-->src/main/AndroidManifest.xml:25:13-49
34            android:theme="@style/Base.Theme.EkoApp" />
34-->src/main/AndroidManifest.xml:26:13-53
35        <activity
35-->src/main/AndroidManifest.xml:27:9-30:56
36            android:name="com.ekoapp.ekosdk.uikit.community.profile.activity.EkoEditUserProfileActivity"
36-->src/main/AndroidManifest.xml:28:13-72
37            android:screenOrientation="portrait"
37-->src/main/AndroidManifest.xml:29:13-49
38            android:theme="@style/Base.Theme.EkoApp" />
38-->src/main/AndroidManifest.xml:30:13-53
39        <activity
39-->src/main/AndroidManifest.xml:31:9-34:56
40            android:name="com.ekoapp.ekosdk.uikit.community.members.EkoCommunityMemberSettingsActivity"
40-->src/main/AndroidManifest.xml:32:13-71
41            android:screenOrientation="portrait"
41-->src/main/AndroidManifest.xml:33:13-49
42            android:theme="@style/Base.Theme.EkoApp" />
42-->src/main/AndroidManifest.xml:34:13-53
43        <activity
43-->src/main/AndroidManifest.xml:35:9-38:56
44            android:name="com.ekoapp.ekosdk.uikit.community.setting.EkoCommunitySettingsActivity"
44-->src/main/AndroidManifest.xml:36:13-65
45            android:screenOrientation="portrait"
45-->src/main/AndroidManifest.xml:37:13-49
46            android:theme="@style/Base.Theme.EkoApp" />
46-->src/main/AndroidManifest.xml:38:13-53
47        <activity
47-->src/main/AndroidManifest.xml:39:9-42:56
48            android:name="com.ekoapp.ekosdk.uikit.community.setting.postreview.EkoPostReviewSettingsActivity"
48-->src/main/AndroidManifest.xml:40:13-77
49            android:screenOrientation="portrait"
49-->src/main/AndroidManifest.xml:41:13-49
50            android:theme="@style/Base.Theme.EkoApp" />
50-->src/main/AndroidManifest.xml:42:13-53
51        <activity
51-->src/main/AndroidManifest.xml:43:9-46:56
52            android:name="com.ekoapp.ekosdk.uikit.community.explore.activity.EkoCategoryCommunityListActivity"
52-->src/main/AndroidManifest.xml:44:13-78
53            android:screenOrientation="portrait"
53-->src/main/AndroidManifest.xml:45:13-49
54            android:theme="@style/Base.Theme.EkoApp" />
54-->src/main/AndroidManifest.xml:46:13-53
55        <activity
55-->src/main/AndroidManifest.xml:47:9-50:56
56            android:name="com.ekoapp.ekosdk.uikit.community.mycommunity.activity.EkoMyCommunityActivity"
56-->src/main/AndroidManifest.xml:48:13-72
57            android:screenOrientation="portrait"
57-->src/main/AndroidManifest.xml:49:13-49
58            android:theme="@style/Base.Theme.EkoApp" />
58-->src/main/AndroidManifest.xml:50:13-53
59        <activity
59-->src/main/AndroidManifest.xml:51:9-54:56
60            android:name="com.ekoapp.ekosdk.uikit.community.profile.activity.EkoUserProfileActivity"
60-->src/main/AndroidManifest.xml:52:13-68
61            android:screenOrientation="portrait"
61-->src/main/AndroidManifest.xml:53:13-49
62            android:theme="@style/Base.Theme.EkoApp" />
62-->src/main/AndroidManifest.xml:54:13-53
63        <activity
63-->src/main/AndroidManifest.xml:55:9-58:56
64            android:name="com.ekoapp.ekosdk.uikit.community.explore.activity.EkoCategorySelectionActivity"
64-->src/main/AndroidManifest.xml:56:13-74
65            android:screenOrientation="portrait"
65-->src/main/AndroidManifest.xml:57:13-49
66            android:theme="@style/Base.Theme.EkoApp" />
66-->src/main/AndroidManifest.xml:58:13-53
67        <activity
67-->src/main/AndroidManifest.xml:59:9-62:56
68            android:name="com.ekoapp.ekosdk.uikit.community.explore.activity.EkoCategoryListActivity"
68-->src/main/AndroidManifest.xml:60:13-69
69            android:screenOrientation="portrait"
69-->src/main/AndroidManifest.xml:61:13-49
70            android:theme="@style/Base.Theme.EkoApp" />
70-->src/main/AndroidManifest.xml:62:13-53
71        <activity
71-->src/main/AndroidManifest.xml:63:9-66:56
72            android:name="com.ekoapp.ekosdk.uikit.community.detailpage.EkoCommunityPageActivity"
72-->src/main/AndroidManifest.xml:64:13-64
73            android:screenOrientation="portrait"
73-->src/main/AndroidManifest.xml:65:13-49
74            android:theme="@style/Base.Theme.EkoApp" />
74-->src/main/AndroidManifest.xml:66:13-53
75        <activity
75-->src/main/AndroidManifest.xml:67:9-70:56
76            android:name="com.ekoapp.ekosdk.uikit.community.home.activity.EkoCommunityHomePageActivity"
76-->src/main/AndroidManifest.xml:68:13-71
77            android:screenOrientation="portrait"
77-->src/main/AndroidManifest.xml:69:13-49
78            android:theme="@style/Base.Theme.EkoApp" />
78-->src/main/AndroidManifest.xml:70:13-53
79        <activity
79-->src/main/AndroidManifest.xml:71:9-74:56
80            android:name="com.ekoapp.ekosdk.uikit.community.newsfeed.activity.EkoPostTargetSelectionActivity"
80-->src/main/AndroidManifest.xml:72:13-77
81            android:screenOrientation="portrait"
81-->src/main/AndroidManifest.xml:73:13-49
82            android:theme="@style/Base.Theme.EkoApp" />
82-->src/main/AndroidManifest.xml:74:13-53
83        <activity
83-->src/main/AndroidManifest.xml:75:9-78:56
84            android:name="com.ekoapp.ekosdk.uikit.community.newsfeed.activity.EkoPostDetailsActivity"
84-->src/main/AndroidManifest.xml:76:13-69
85            android:screenOrientation="portrait"
85-->src/main/AndroidManifest.xml:77:13-49
86            android:theme="@style/Base.Theme.EkoApp" />
86-->src/main/AndroidManifest.xml:78:13-53
87        <activity
87-->src/main/AndroidManifest.xml:79:9-82:56
88            android:name="com.ekoapp.ekosdk.uikit.community.newsfeed.activity.EkoCreatePostActivity"
88-->src/main/AndroidManifest.xml:80:13-68
89            android:screenOrientation="portrait"
89-->src/main/AndroidManifest.xml:81:13-49
90            android:theme="@style/Base.Theme.EkoApp" />
90-->src/main/AndroidManifest.xml:82:13-53
91        <activity
91-->src/main/AndroidManifest.xml:83:9-86:56
92            android:name="com.ekoapp.ekosdk.uikit.community.ui.view.EkoSelectMembersListActivity"
92-->src/main/AndroidManifest.xml:84:13-65
93            android:screenOrientation="portrait"
93-->src/main/AndroidManifest.xml:85:13-49
94            android:theme="@style/Base.Theme.EkoApp" />
94-->src/main/AndroidManifest.xml:86:13-53
95        <activity
95-->src/main/AndroidManifest.xml:87:9-90:56
96            android:name="com.ekoapp.ekosdk.uikit.community.ui.view.EkoCommunityCreateActivity"
96-->src/main/AndroidManifest.xml:88:13-63
97            android:screenOrientation="portrait"
97-->src/main/AndroidManifest.xml:89:13-49
98            android:theme="@style/Base.Theme.EkoApp" />
98-->src/main/AndroidManifest.xml:90:13-53
99        <activity
99-->src/main/AndroidManifest.xml:91:9-94:56
100            android:name="com.ekoapp.ekosdk.uikit.community.newsfeed.activity.EkoEditCommentActivity"
100-->src/main/AndroidManifest.xml:92:13-69
101            android:screenOrientation="portrait"
101-->src/main/AndroidManifest.xml:93:13-49
102            android:theme="@style/Base.Theme.EkoApp" />
102-->src/main/AndroidManifest.xml:94:13-53
103    </application>
104
105</manifest>